#
# There is insufficient memory for the Java Runtime Environment to continue.
# Native memory allocation (malloc) failed to allocate 1048576 bytes for AllocateHeap
# Possible reasons:
#   The system is out of physical RAM or swap space
#   In 32 bit mode, the process size limit was hit
# Possible solutions:
#   Reduce memory load on the system
#   Increase physical memory or swap space
#   Check if swap backing store is full
#   Use 64 bit Java on a 64 bit OS
#   Decrease Java heap size (-Xmx/-Xms)
#   Decrease number of Java threads
#   Decrease Java thread stack sizes (-Xss)
#   Set larger code cache with -XX:ReservedCodeCacheSize=
# This output file may be truncated or incomplete.
#
#  Out of Memory Error (memory/allocation.inline.hpp:61), pid=18980, tid=0x0000000000004a20
#
# JRE version:  (8.0_181-b13) (build )
# Java VM: Java HotSpot(TM) 64-Bit Server VM (25.181-b13 mixed mode windows-amd64 compressed oops)
# Failed to write core dump. Minidumps are not enabled by default on client versions of Windows
#

---------------  T H R E A D  ---------------

Current thread (0x00000000028e6800):  JavaThread "Unknown thread" [_thread_in_vm, id=18976, stack(0x0000000002610000,0x0000000002710000)]

Stack: [0x0000000002610000,0x0000000002710000]
[error occurred during error reporting (printing stack bounds), id 0xc0000005]

Native frames: (J=compiled Java code, j=interpreted, Vv=VM code, C=native code)


---------------  P R O C E S S  ---------------

Java Threads: ( => current thread )

Other Threads:

=>0x00000000028e6800 (exited) JavaThread "Unknown thread" [_thread_in_vm, id=18976, stack(0x0000000002610000,0x0000000002710000)]

VM state:not at safepoint (normal execution)

VM Mutex/Monitor currently owned by a thread: None

Heap:
 PSYoungGen      total 38400K, used 665K [0x00000000d5f00000, 0x00000000d8980000, 0x0000000100000000)
  eden space 33280K, 2% used [0x00000000d5f00000,0x00000000d5fa6670,0x00000000d7f80000)
  from space 5120K, 0% used [0x00000000d8480000,0x00000000d8480000,0x00000000d8980000)
  to   space 5120K, 0% used [0x00000000d7f80000,0x00000000d7f80000,0x00000000d8480000)
 ParOldGen       total 87552K, used 0K [0x0000000081c00000, 0x0000000087180000, 0x00000000d5f00000)
  object space 87552K, 0% used [0x0000000081c00000,0x0000000081c00000,0x0000000087180000)
 Metaspace       used 792K, capacity 1156K, committed 1408K, reserved 1060864K
  class space    used 76K, capacity 384K, committed 384K, reserved 1048576K

Card table byte_map: [0x0000000011da0000,0x00000000121a0000] byte_map_base: 0x0000000011992000

Marking Bits: (ParMarkBitMap*) 0x000000005fbd2d00
 Begin Bits: [0x0000000012850000, 0x00000000147e0000)
 End Bits:   [0x00000000147e0000, 0x0000000016770000)

Polling page: 0x00000000001f0000

CodeCache: size=245760Kb used=328Kb max_used=328Kb free=245431Kb
 bounds [0x00000000029e0000, 0x0000000002c50000, 0x00000000119e0000]
 total_blobs=58 nmethods=0 adapters=38
 compilation: enabled

Compilation events (0 events):
No events

GC Heap History (0 events):
No events

Deoptimization events (0 events):
No events

Classes redefined (0 events):
No events

Internal exceptions (0 events):
No events

Events (10 events):
Event: 0.103 loading class java/lang/Short
Event: 0.103 loading class java/lang/Short done
Event: 0.103 loading class java/lang/Integer
Event: 0.103 loading class java/lang/Integer done
Event: 0.103 loading class java/lang/Long
Event: 0.104 loading class java/lang/Long done
Event: 0.105 loading class java/lang/NullPointerException
Event: 0.105 loading class java/lang/NullPointerException done
Event: 0.105 loading class java/lang/ArithmeticException
Event: 0.105 loading class java/lang/ArithmeticException done


Dynamic libraries:
0x00007ff7bdaf0000 - 0x00007ff7bdb27000 	D:\soft\java\JDK\JDK\bin\java.exe
0x00007ffde89a0000 - 0x00007ffde8b8d000 	C:\Windows\SYSTEM32\ntdll.dll
0x00007ffde60b0000 - 0x00007ffde6163000 	C:\Windows\System32\KERNEL32.DLL
0x00007ffde5770000 - 0x00007ffde5a03000 	C:\Windows\System32\KERNELBASE.dll
0x00007ffde8830000 - 0x00007ffde88d3000 	C:\Windows\System32\ADVAPI32.dll
0x00007ffde5e20000 - 0x00007ffde5ebe000 	C:\Windows\System32\msvcrt.dll
0x00007ffde64a0000 - 0x00007ffde653e000 	C:\Windows\System32\sechost.dll
0x00007ffde6a50000 - 0x00007ffde6b72000 	C:\Windows\System32\RPCRT4.dll
0x00007ffde5f10000 - 0x00007ffde60a7000 	C:\Windows\System32\USER32.dll
0x00007ffde5260000 - 0x00007ffde5280000 	C:\Windows\System32\win32u.dll
0x00007ffde5ec0000 - 0x00007ffde5ee9000 	C:\Windows\System32\GDI32.dll
0x00007ffde54e0000 - 0x00007ffde5679000 	C:\Windows\System32\gdi32full.dll
0x00007ffde56d0000 - 0x00007ffde5770000 	C:\Windows\System32\msvcp_win.dll
0x00007ffde5a10000 - 0x00007ffde5b0a000 	C:\Windows\System32\ucrtbase.dll
0x00007ffdcc510000 - 0x00007ffdcc789000 	C:\Windows\WinSxS\amd64_microsoft.windows.common-controls_6595b64144ccf1df_6.0.17763.914_none_05b346b2072102f2\COMCTL32.dll
0x00007ffde6170000 - 0x00007ffde649c000 	C:\Windows\System32\combase.dll
0x00007ffde5280000 - 0x00007ffde52fe000 	C:\Windows\System32\bcryptPrimitives.dll
0x00007ffde8940000 - 0x00007ffde896e000 	C:\Windows\System32\IMM32.DLL
0x000000005fc60000 - 0x000000005fd32000 	D:\soft\java\JDK\JDK\jre\bin\msvcr100.dll
0x000000005f3b0000 - 0x000000005fc52000 	D:\soft\java\JDK\JDK\jre\bin\server\jvm.dll
0x00007ffde5e10000 - 0x00007ffde5e18000 	C:\Windows\System32\PSAPI.DLL
0x00007ffde0350000 - 0x00007ffde0359000 	C:\Windows\SYSTEM32\WSOCK32.dll
0x00007ffde6540000 - 0x00007ffde65ad000 	C:\Windows\System32\WS2_32.dll
0x00007ffde1050000 - 0x00007ffde1074000 	C:\Windows\SYSTEM32\WINMM.dll
0x00007ffddde50000 - 0x00007ffddde5a000 	C:\Windows\SYSTEM32\VERSION.dll
0x00007ffde1020000 - 0x00007ffde104d000 	C:\Windows\SYSTEM32\WINMMBASE.dll
0x00007ffde5680000 - 0x00007ffde56ca000 	C:\Windows\System32\cfgmgr32.dll
0x000000005f3a0000 - 0x000000005f3af000 	D:\soft\java\JDK\JDK\jre\bin\verify.dll
0x000000005f370000 - 0x000000005f399000 	D:\soft\java\JDK\JDK\jre\bin\java.dll
0x000000005f150000 - 0x000000005f185000 	D:\soft\java\JDK\JDK\jre\bin\jdwp.dll
0x000000005f140000 - 0x000000005f148000 	D:\soft\java\JDK\JDK\jre\bin\npt.dll
0x0000000060700000 - 0x0000000060723000 	D:\soft\java\JDK\JDK\jre\bin\instrument.dll
0x000000005f350000 - 0x000000005f366000 	D:\soft\java\JDK\JDK\jre\bin\zip.dll

VM Arguments:
jvm_args: -agentlib:jdwp=transport=dt_socket,address=127.0.0.1:2021,suspend=y,server=n -XX:TieredStopAtLevel=1 -Xverify:none -Dspring.output.ansi.enabled=always -Dcom.sun.management.jmxremote -Dspring.liveBeansView.mbeanDomain -Dspring.application.admin.enabled=true -javaagent:C:\Users\lueshen\.IntelliJIdea2019.1\system\captureAgent\debugger-agent.jar -Dfile.encoding=UTF-8 
java_command: com.oujiong.wechatpay.WechatpayApplication
java_class_path (initial): D:\soft\java\JDK\JDK\jre\lib\charsets.jar;D:\soft\java\JDK\JDK\jre\lib\deploy.jar;D:\soft\java\JDK\JDK\jre\lib\ext\access-bridge-64.jar;D:\soft\java\JDK\JDK\jre\lib\ext\cldrdata.jar;D:\soft\java\JDK\JDK\jre\lib\ext\dnsns.jar;D:\soft\java\JDK\JDK\jre\lib\ext\jaccess.jar;D:\soft\java\JDK\JDK\jre\lib\ext\jfxrt.jar;D:\soft\java\JDK\JDK\jre\lib\ext\localedata.jar;D:\soft\java\JDK\JDK\jre\lib\ext\nashorn.jar;D:\soft\java\JDK\JDK\jre\lib\ext\sunec.jar;D:\soft\java\JDK\JDK\jre\lib\ext\sunjce_provider.jar;D:\soft\java\JDK\JDK\jre\lib\ext\sunmscapi.jar;D:\soft\java\JDK\JDK\jre\lib\ext\sunpkcs11.jar;D:\soft\java\JDK\JDK\jre\lib\ext\zipfs.jar;D:\soft\java\JDK\JDK\jre\lib\javaws.jar;D:\soft\java\JDK\JDK\jre\lib\jce.jar;D:\soft\java\JDK\JDK\jre\lib\jfr.jar;D:\soft\java\JDK\JDK\jre\lib\jfxswt.jar;D:\soft\java\JDK\JDK\jre\lib\jsse.jar;D:\soft\java\JDK\JDK\jre\lib\management-agent.jar;D:\soft\java\JDK\JDK\jre\lib\plugin.jar;D:\soft\java\JDK\JDK\jre\lib\resources.jar;D:\soft\java\JDK\JDK\jre\lib\rt.jar;D:\soft\Git\Repository\Repository03-Springboot\wechatpay\target\classes;D:\soft\Maven\Jar\org\springframework\boot\spring-boot-starter-web\2.1.5.RELEASE\spring-boot-starter-web-2.1.5.RELEASE.jar;D:\soft\Maven\Jar\org\springframework\boot\spring-boot-starter\2.1.5.RELEASE\spring-boot-starter-2.1.5.RELEASE.jar;D:\soft\Maven\Jar\org\springframework\boot\spring-boot\2.1.5.RELEASE\spring-boot-2.1.5.RELEASE.jar;D:\soft\Maven\Jar\org\springframework\boot\spring-boot-autoconfigure\2.1.5.RELEASE\spring-boot-autoconfigure-2.1.5.RELEASE.jar;D:\soft\Maven\Jar\org\springframework\boot\spring-boot-starter-logging\2.1.5.RELEASE\spring-boot-starter-logging-2.1.5.RELEASE.jar;D:\soft\Maven\Jar\ch\qos\logback\logback-classic\1.2.3\logback-classic-1.2.3.jar;D:\soft\Maven\Jar\ch\qos\logback\logback-core\1.2.3\logback-core-1.2.3.jar;D:\soft\Maven\Jar\org\apache\logging\log4j\log4j-to-slf4j\2.11.2\log4j-to-slf4j-2.11.2.jar;D:\soft\Maven\Jar\org\apache\logging\log4j\log4j-api\2.11
Launcher Type: SUN_STANDARD

Environment Variables:
JAVA_HOME=D:\soft\java\JDK\JDK
CLASSPATH=.;D:\soft\java\JDK\JDK\bin;D:\soft\java\JDK\JDK\lib\dt.jar;D:\soft\java\JDK\JDK\lib\tools.jar
PATH=C:\ProgramData\DockerDesktop\version-bin;C:\Program Files\Docker\Docker\Resources\bin;C:\Windows\System32;D:\soft\java\JDK\JDK\bin;D:\soft\java\JDK\JDK\jre\bin;"D:\app\lue\product\12.1.0\dbhome_1\bin;C:\Windows\system32;C:\Windows;C:\Windows\System32\Wbem;C:\Windows\System32\WindowsPowerShell\v1.0\;C:\Windows\System32\OpenSSH\;";%ANDROID_SDK_HOME%\platform-tools;D:\soft\Maven\apache-maven-3.6.1\bin;%ANDROID_SDK_HOME%\tools;"D:\soft\2019微信应用开发\小乌龟\bin;";C:\Pro;ram Files (x86)\Windows Kits\8.1\Windows Performance Toolkit\;C:\Program Files\Microsoft SQL Server\110\Tools\Binn\;D:\soft\Git\Git\cmd;D:\soft\Git\Git\bin;D:\soft\MongoDB\MongoDB\bin;D:\soft\NodeJs\;"D:\soft\NodeJs;D:\soft\NodeJs\npm_modules";D:\soft\Erlang\Erlang\erl9.3\bin;D:\soft\FFmpeg\FFmpeg\ffmpeg\bin;D:\soft\Win64OpenSSL\Win64OpenSSL_Light-1_1_0L\OpenSSL-Win64\bin;D:\soft\Ruby\Ruby\Ruby25-x64\bin;C:\Users\lueshen\AppData\Local\Microsoft\WindowsApps;;D:\soft\bootstrap\bootstrap\Microsoft VS Code\bin;C:\Users\lueshen\AppData\Roaming\npm
USERNAME=lueshen
OS=Windows_NT
PROCESSOR_IDENTIFIER=Intel64 Family 6 Model 60 Stepping 3, GenuineIntel



---------------  S Y S T E M  ---------------

OS: Windows 10.0 , 64 bit Build 17763 (10.0.17763.475)

CPU:total 4 (initial active 4) (2 cores per cpu, 2 threads per core) family 6 model 60 stepping 3, cmov, cx8, fxsr, mmx, sse, sse2, sse3, ssse3, sse4.1, sse4.2, popcnt, avx, avx2, aes, clmul, erms, lzcnt, ht, tsc, tscinvbit, bmi1, bmi2

Memory: 4k page, physical 8269944k(2551732k free), swap 23794620k(4728k free)

vm_info: Java HotSpot(TM) 64-Bit Server VM (25.181-b13) for windows-amd64 JRE (1.8.0_181-b13), built on Jul  7 2018 04:01:33 by "java_re" with MS VC++ 10.0 (VS2010)

time: Thu Dec 19 09:31:03 2019
elapsed time: 0 seconds (0d 0h 0m 0s)

